[INFO] [2017-02-28 15:35:23][org.springframework.beans.factory.xml.XmlBeanDefinitionReader]Loading XML bean definitions from class path resource [spring-mybatis.xml]
[INFO] [2017-02-28 15:35:24][org.springframework.context.support.GenericApplicationContext]Refreshing org.springframework.context.support.GenericApplicationContext@c1d913b: startup date [Tue Feb 28 15:35:24 CST 2017]; root of context hierarchy
[DEBUG] [2017-02-28 15:35:25][org.mybatis.spring.mapper.ClassPathMapperScanner]Identified candidate component class: file [E:\Project\MyEclipse Professional 2014\CloudPost2.0\cloundPost Maven Webapp\target\classes\com\cloudPost\dao\KeywordMapper.class]
[DEBUG] [2017-02-28 15:35:25][org.mybatis.spring.mapper.ClassPathMapperScanner]Identified candidate component class: file [E:\Project\MyEclipse Professional 2014\CloudPost2.0\cloundPost Maven Webapp\target\classes\com\cloudPost\dao\LetterMapper.class]
[DEBUG] [2017-02-28 15:35:25][org.mybatis.spring.mapper.ClassPathMapperScanner]Identified candidate component class: file [E:\Project\MyEclipse Professional 2014\CloudPost2.0\cloundPost Maven Webapp\target\classes\com\cloudPost\dao\UserKeywordMapper.class]
[DEBUG] [2017-02-28 15:35:25][org.mybatis.spring.mapper.ClassPathMapperScanner]Identified candidate component class: file [E:\Project\MyEclipse Professional 2014\CloudPost2.0\cloundPost Maven Webapp\target\classes\com\cloudPost\dao\UserLetterMapper.class]
[DEBUG] [2017-02-28 15:35:25][org.mybatis.spring.mapper.ClassPathMapperScanner]Identified candidate component class: file [E:\Project\MyEclipse Professional 2014\CloudPost2.0\cloundPost Maven Webapp\target\classes\com\cloudPost\dao\UserMapper.class]
[DEBUG] [2017-02-28 15:35:25][org.mybatis.spring.mapper.ClassPathMapperScanner]Identified candidate component class: file [E:\Project\MyEclipse Professional 2014\CloudPost2.0\cloundPost Maven Webapp\target\classes\com\cloudPost\dao\UserUserMapper.class]
[DEBUG] [2017-02-28 15:35:25][org.mybatis.spring.mapper.ClassPathMapperScanner]Creating MapperFactoryBean with name 'keywordMapper' and 'com.cloudPost.dao.KeywordMapper' mapperInterface
[DEBUG] [2017-02-28 15:35:25][org.mybatis.spring.mapper.ClassPathMapperScanner]Creating MapperFactoryBean with name 'letterMapper' and 'com.cloudPost.dao.LetterMapper' mapperInterface
[DEBUG] [2017-02-28 15:35:25][org.mybatis.spring.mapper.ClassPathMapperScanner]Creating MapperFactoryBean with name 'userKeywordMapper' and 'com.cloudPost.dao.UserKeywordMapper' mapperInterface
[DEBUG] [2017-02-28 15:35:25][org.mybatis.spring.mapper.ClassPathMapperScanner]Creating MapperFactoryBean with name 'userLetterMapper' and 'com.cloudPost.dao.UserLetterMapper' mapperInterface
[DEBUG] [2017-02-28 15:35:25][org.mybatis.spring.mapper.ClassPathMapperScanner]Creating MapperFactoryBean with name 'userMapper' and 'com.cloudPost.dao.UserMapper' mapperInterface
[DEBUG] [2017-02-28 15:35:25][org.mybatis.spring.mapper.ClassPathMapperScanner]Creating MapperFactoryBean with name 'userUserMapper' and 'com.cloudPost.dao.UserUserMapper' mapperInterface
[INFO] [2017-02-28 15:35:25][org.springframework.beans.factory.config.PropertyPlaceholderConfigurer]Loading properties file from class path resource [jdbc.properties]
[INFO] [2017-02-28 15:35:25][org.springframework.beans.factory.annotation.AutowiredAnnotationBeanPostProcessor]JSR-330 'javax.inject.Inject' annotation found and supported for autowiring
[DEBUG] [2017-02-28 15:35:25][org.mybatis.spring.SqlSessionFactoryBean]Property 'configLocation' not specified, using default MyBatis Configuration
[DEBUG] [2017-02-28 15:35:26][org.mybatis.spring.SqlSessionFactoryBean]Parsed mapper file: 'file [E:\Project\MyEclipse Professional 2014\CloudPost2.0\cloundPost Maven Webapp\target\classes\com\cloudPost\mapping\KeywordMapper.xml]'
[DEBUG] [2017-02-28 15:35:26][org.mybatis.spring.SqlSessionFactoryBean]Parsed mapper file: 'file [E:\Project\MyEclipse Professional 2014\CloudPost2.0\cloundPost Maven Webapp\target\classes\com\cloudPost\mapping\LetterMapper.xml]'
[DEBUG] [2017-02-28 15:35:26][org.mybatis.spring.SqlSessionFactoryBean]Parsed mapper file: 'file [E:\Project\MyEclipse Professional 2014\CloudPost2.0\cloundPost Maven Webapp\target\classes\com\cloudPost\mapping\UserKeywordMapper.xml]'
[DEBUG] [2017-02-28 15:35:27][org.mybatis.spring.SqlSessionFactoryBean]Parsed mapper file: 'file [E:\Project\MyEclipse Professional 2014\CloudPost2.0\cloundPost Maven Webapp\target\classes\com\cloudPost\mapping\UserLetterMapper.xml]'
[DEBUG] [2017-02-28 15:35:27][org.mybatis.spring.SqlSessionFactoryBean]Parsed mapper file: 'file [E:\Project\MyEclipse Professional 2014\CloudPost2.0\cloundPost Maven Webapp\target\classes\com\cloudPost\mapping\UserMapper.xml]'
[DEBUG] [2017-02-28 15:35:27][org.mybatis.spring.SqlSessionFactoryBean]Parsed mapper file: 'file [E:\Project\MyEclipse Professional 2014\CloudPost2.0\cloundPost Maven Webapp\target\classes\com\cloudPost\mapping\UserUserMapper.xml]'
[DEBUG] [2017-02-28 15:35:27][org.mybatis.spring.SqlSessionUtils]Creating a new SqlSession
[DEBUG] [2017-02-28 15:35:27][org.mybatis.spring.SqlSessionUtils]SqlSession [org.apache.ibatis.session.defaults.DefaultSqlSession@71f7efb7] was not registered for synchronization because synchronization is not active
[DEBUG] [2017-02-28 15:35:29][org.mybatis.spring.transaction.SpringManagedTransaction]JDBC Connection [jdbc:mysql://localhost:3306/cloudpost, UserName=root@localhost, MySQL Connector Java] will not be managed by Spring
[DEBUG] [2017-02-28 15:35:29][org.mybatis.spring.SqlSessionUtils]Closing non transactional SqlSession [org.apache.ibatis.session.defaults.DefaultSqlSession@71f7efb7]
[INFO] [2017-02-28 15:35:29][org.springframework.context.support.GenericApplicationContext]Closing org.springframework.context.support.GenericApplicationContext@c1d913b: startup date [Tue Feb 28 15:35:24 CST 2017]; root of context hierarchy
[INFO] [2017-02-28 15:40:16][org.springframework.beans.factory.xml.XmlBeanDefinitionReader]Loading XML bean definitions from class path resource [spring-mybatis.xml]
[INFO] [2017-02-28 15:40:17][org.springframework.context.support.GenericApplicationContext]Refreshing org.springframework.context.support.GenericApplicationContext@529b2735: startup date [Tue Feb 28 15:40:17 CST 2017]; root of context hierarchy
[DEBUG] [2017-02-28 15:40:17][org.mybatis.spring.mapper.ClassPathMapperScanner]Identified candidate component class: file [E:\Project\MyEclipse Professional 2014\CloudPost2.0\cloundPost Maven Webapp\target\classes\com\cloudPost\dao\KeywordMapper.class]
[DEBUG] [2017-02-28 15:40:17][org.mybatis.spring.mapper.ClassPathMapperScanner]Identified candidate component class: file [E:\Project\MyEclipse Professional 2014\CloudPost2.0\cloundPost Maven Webapp\target\classes\com\cloudPost\dao\LetterMapper.class]
[DEBUG] [2017-02-28 15:40:17][org.mybatis.spring.mapper.ClassPathMapperScanner]Identified candidate component class: file [E:\Project\MyEclipse Professional 2014\CloudPost2.0\cloundPost Maven Webapp\target\classes\com\cloudPost\dao\UserKeywordMapper.class]
[DEBUG] [2017-02-28 15:40:17][org.mybatis.spring.mapper.ClassPathMapperScanner]Identified candidate component class: file [E:\Project\MyEclipse Professional 2014\CloudPost2.0\cloundPost Maven Webapp\target\classes\com\cloudPost\dao\UserLetterMapper.class]
[DEBUG] [2017-02-28 15:40:17][org.mybatis.spring.mapper.ClassPathMapperScanner]Identified candidate component class: file [E:\Project\MyEclipse Professional 2014\CloudPost2.0\cloundPost Maven Webapp\target\classes\com\cloudPost\dao\UserMapper.class]
[DEBUG] [2017-02-28 15:40:17][org.mybatis.spring.mapper.ClassPathMapperScanner]Identified candidate component class: file [E:\Project\MyEclipse Professional 2014\CloudPost2.0\cloundPost Maven Webapp\target\classes\com\cloudPost\dao\UserUserMapper.class]
[DEBUG] [2017-02-28 15:40:17][org.mybatis.spring.mapper.ClassPathMapperScanner]Creating MapperFactoryBean with name 'keywordMapper' and 'com.cloudPost.dao.KeywordMapper' mapperInterface
[DEBUG] [2017-02-28 15:40:17][org.mybatis.spring.mapper.ClassPathMapperScanner]Creating MapperFactoryBean with name 'letterMapper' and 'com.cloudPost.dao.LetterMapper' mapperInterface
[DEBUG] [2017-02-28 15:40:17][org.mybatis.spring.mapper.ClassPathMapperScanner]Creating MapperFactoryBean with name 'userKeywordMapper' and 'com.cloudPost.dao.UserKeywordMapper' mapperInterface
[DEBUG] [2017-02-28 15:40:17][org.mybatis.spring.mapper.ClassPathMapperScanner]Creating MapperFactoryBean with name 'userLetterMapper' and 'com.cloudPost.dao.UserLetterMapper' mapperInterface
[DEBUG] [2017-02-28 15:40:17][org.mybatis.spring.mapper.ClassPathMapperScanner]Creating MapperFactoryBean with name 'userMapper' and 'com.cloudPost.dao.UserMapper' mapperInterface
[DEBUG] [2017-02-28 15:40:17][org.mybatis.spring.mapper.ClassPathMapperScanner]Creating MapperFactoryBean with name 'userUserMapper' and 'com.cloudPost.dao.UserUserMapper' mapperInterface
[INFO] [2017-02-28 15:40:17][org.springframework.beans.factory.config.PropertyPlaceholderConfigurer]Loading properties file from class path resource [jdbc.properties]
[INFO] [2017-02-28 15:40:17][org.springframework.beans.factory.annotation.AutowiredAnnotationBeanPostProcessor]JSR-330 'javax.inject.Inject' annotation found and supported for autowiring
[DEBUG] [2017-02-28 15:40:18][org.mybatis.spring.SqlSessionFactoryBean]Property 'configLocation' not specified, using default MyBatis Configuration
[DEBUG] [2017-02-28 15:40:18][org.mybatis.spring.SqlSessionFactoryBean]Parsed mapper file: 'file [E:\Project\MyEclipse Professional 2014\CloudPost2.0\cloundPost Maven Webapp\target\classes\com\cloudPost\mapping\KeywordMapper.xml]'
[DEBUG] [2017-02-28 15:40:18][org.mybatis.spring.SqlSessionFactoryBean]Parsed mapper file: 'file [E:\Project\MyEclipse Professional 2014\CloudPost2.0\cloundPost Maven Webapp\target\classes\com\cloudPost\mapping\LetterMapper.xml]'
[DEBUG] [2017-02-28 15:40:18][org.mybatis.spring.SqlSessionFactoryBean]Parsed mapper file: 'file [E:\Project\MyEclipse Professional 2014\CloudPost2.0\cloundPost Maven Webapp\target\classes\com\cloudPost\mapping\UserKeywordMapper.xml]'
[DEBUG] [2017-02-28 15:40:19][org.mybatis.spring.SqlSessionFactoryBean]Parsed mapper file: 'file [E:\Project\MyEclipse Professional 2014\CloudPost2.0\cloundPost Maven Webapp\target\classes\com\cloudPost\mapping\UserLetterMapper.xml]'
[DEBUG] [2017-02-28 15:40:19][org.mybatis.spring.SqlSessionFactoryBean]Parsed mapper file: 'file [E:\Project\MyEclipse Professional 2014\CloudPost2.0\cloundPost Maven Webapp\target\classes\com\cloudPost\mapping\UserMapper.xml]'
[DEBUG] [2017-02-28 15:40:19][org.mybatis.spring.SqlSessionFactoryBean]Parsed mapper file: 'file [E:\Project\MyEclipse Professional 2014\CloudPost2.0\cloundPost Maven Webapp\target\classes\com\cloudPost\mapping\UserUserMapper.xml]'
[DEBUG] [2017-02-28 15:40:19][org.mybatis.spring.SqlSessionUtils]Creating a new SqlSession
[DEBUG] [2017-02-28 15:40:19][org.mybatis.spring.SqlSessionUtils]SqlSession [org.apache.ibatis.session.defaults.DefaultSqlSession@54a436ce] was not registered for synchronization because synchronization is not active
[DEBUG] [2017-02-28 15:40:20][org.mybatis.spring.transaction.SpringManagedTransaction]JDBC Connection [jdbc:mysql://localhost:3306/cloudpost, UserName=root@localhost, MySQL Connector Java] will not be managed by Spring
[DEBUG] [2017-02-28 15:40:20][org.mybatis.spring.SqlSessionUtils]Closing non transactional SqlSession [org.apache.ibatis.session.defaults.DefaultSqlSession@54a436ce]
[INFO] [2017-02-28 15:40:20][org.springframework.context.support.GenericApplicationContext]Closing org.springframework.context.support.GenericApplicationContext@529b2735: startup date [Tue Feb 28 15:40:17 CST 2017]; root of context hierarchy
[INFO] [2017-02-28 15:40:37][org.springframework.beans.factory.xml.XmlBeanDefinitionReader]Loading XML bean definitions from class path resource [spring-mybatis.xml]
[INFO] [2017-02-28 15:40:38][org.springframework.context.support.GenericApplicationContext]Refreshing org.springframework.context.support.GenericApplicationContext@c1d913b: startup date [Tue Feb 28 15:40:38 CST 2017]; root of context hierarchy
[DEBUG] [2017-02-28 15:40:39][org.mybatis.spring.mapper.ClassPathMapperScanner]Identified candidate component class: file [E:\Project\MyEclipse Professional 2014\CloudPost2.0\cloundPost Maven Webapp\target\classes\com\cloudPost\dao\KeywordMapper.class]
[DEBUG] [2017-02-28 15:40:39][org.mybatis.spring.mapper.ClassPathMapperScanner]Identified candidate component class: file [E:\Project\MyEclipse Professional 2014\CloudPost2.0\cloundPost Maven Webapp\target\classes\com\cloudPost\dao\LetterMapper.class]
[DEBUG] [2017-02-28 15:40:39][org.mybatis.spring.mapper.ClassPathMapperScanner]Identified candidate component class: file [E:\Project\MyEclipse Professional 2014\CloudPost2.0\cloundPost Maven Webapp\target\classes\com\cloudPost\dao\UserKeywordMapper.class]
[DEBUG] [2017-02-28 15:40:39][org.mybatis.spring.mapper.ClassPathMapperScanner]Identified candidate component class: file [E:\Project\MyEclipse Professional 2014\CloudPost2.0\cloundPost Maven Webapp\target\classes\com\cloudPost\dao\UserLetterMapper.class]
[DEBUG] [2017-02-28 15:40:39][org.mybatis.spring.mapper.ClassPathMapperScanner]Identified candidate component class: file [E:\Project\MyEclipse Professional 2014\CloudPost2.0\cloundPost Maven Webapp\target\classes\com\cloudPost\dao\UserMapper.class]
[DEBUG] [2017-02-28 15:40:39][org.mybatis.spring.mapper.ClassPathMapperScanner]Identified candidate component class: file [E:\Project\MyEclipse Professional 2014\CloudPost2.0\cloundPost Maven Webapp\target\classes\com\cloudPost\dao\UserUserMapper.class]
[DEBUG] [2017-02-28 15:40:39][org.mybatis.spring.mapper.ClassPathMapperScanner]Creating MapperFactoryBean with name 'keywordMapper' and 'com.cloudPost.dao.KeywordMapper' mapperInterface
[DEBUG] [2017-02-28 15:40:39][org.mybatis.spring.mapper.ClassPathMapperScanner]Creating MapperFactoryBean with name 'letterMapper' and 'com.cloudPost.dao.LetterMapper' mapperInterface
[DEBUG] [2017-02-28 15:40:39][org.mybatis.spring.mapper.ClassPathMapperScanner]Creating MapperFactoryBean with name 'userKeywordMapper' and 'com.cloudPost.dao.UserKeywordMapper' mapperInterface
[DEBUG] [2017-02-28 15:40:39][org.mybatis.spring.mapper.ClassPathMapperScanner]Creating MapperFactoryBean with name 'userLetterMapper' and 'com.cloudPost.dao.UserLetterMapper' mapperInterface
[DEBUG] [2017-02-28 15:40:39][org.mybatis.spring.mapper.ClassPathMapperScanner]Creating MapperFactoryBean with name 'userMapper' and 'com.cloudPost.dao.UserMapper' mapperInterface
[DEBUG] [2017-02-28 15:40:39][org.mybatis.spring.mapper.ClassPathMapperScanner]Creating MapperFactoryBean with name 'userUserMapper' and 'com.cloudPost.dao.UserUserMapper' mapperInterface
[INFO] [2017-02-28 15:40:39][org.springframework.beans.factory.config.PropertyPlaceholderConfigurer]Loading properties file from class path resource [jdbc.properties]
[INFO] [2017-02-28 15:40:39][org.springframework.beans.factory.annotation.AutowiredAnnotationBeanPostProcessor]JSR-330 'javax.inject.Inject' annotation found and supported for autowiring
[DEBUG] [2017-02-28 15:40:39][org.mybatis.spring.SqlSessionFactoryBean]Property 'configLocation' not specified, using default MyBatis Configuration
[DEBUG] [2017-02-28 15:40:40][org.mybatis.spring.SqlSessionFactoryBean]Parsed mapper file: 'file [E:\Project\MyEclipse Professional 2014\CloudPost2.0\cloundPost Maven Webapp\target\classes\com\cloudPost\mapping\KeywordMapper.xml]'
[DEBUG] [2017-02-28 15:40:40][org.mybatis.spring.SqlSessionFactoryBean]Parsed mapper file: 'file [E:\Project\MyEclipse Professional 2014\CloudPost2.0\cloundPost Maven Webapp\target\classes\com\cloudPost\mapping\LetterMapper.xml]'
[DEBUG] [2017-02-28 15:40:40][org.mybatis.spring.SqlSessionFactoryBean]Parsed mapper file: 'file [E:\Project\MyEclipse Professional 2014\CloudPost2.0\cloundPost Maven Webapp\target\classes\com\cloudPost\mapping\UserKeywordMapper.xml]'
[DEBUG] [2017-02-28 15:40:40][org.mybatis.spring.SqlSessionFactoryBean]Parsed mapper file: 'file [E:\Project\MyEclipse Professional 2014\CloudPost2.0\cloundPost Maven Webapp\target\classes\com\cloudPost\mapping\UserLetterMapper.xml]'
[DEBUG] [2017-02-28 15:40:41][org.mybatis.spring.SqlSessionFactoryBean]Parsed mapper file: 'file [E:\Project\MyEclipse Professional 2014\CloudPost2.0\cloundPost Maven Webapp\target\classes\com\cloudPost\mapping\UserMapper.xml]'
[DEBUG] [2017-02-28 15:40:41][org.mybatis.spring.SqlSessionFactoryBean]Parsed mapper file: 'file [E:\Project\MyEclipse Professional 2014\CloudPost2.0\cloundPost Maven Webapp\target\classes\com\cloudPost\mapping\UserUserMapper.xml]'
[DEBUG] [2017-02-28 15:40:41][org.mybatis.spring.SqlSessionUtils]Creating a new SqlSession
[DEBUG] [2017-02-28 15:40:41][org.mybatis.spring.SqlSessionUtils]SqlSession [org.apache.ibatis.session.defaults.DefaultSqlSession@2a2cd10d] was not registered for synchronization because synchronization is not active
[DEBUG] [2017-02-28 15:40:42][org.mybatis.spring.transaction.SpringManagedTransaction]JDBC Connection [jdbc:mysql://localhost:3306/cloudpost, UserName=root@localhost, MySQL Connector Java] will not be managed by Spring
[DEBUG] [2017-02-28 15:40:42][org.mybatis.spring.SqlSessionUtils]Closing non transactional SqlSession [org.apache.ibatis.session.defaults.DefaultSqlSession@2a2cd10d]
[INFO] [2017-02-28 15:40:42][org.springframework.context.support.GenericApplicationContext]Closing org.springframework.context.support.GenericApplicationContext@c1d913b: startup date [Tue Feb 28 15:40:38 CST 2017]; root of context hierarchy
[INFO] [2017-02-28 15:41:12][org.springframework.beans.factory.xml.XmlBeanDefinitionReader]Loading XML bean definitions from class path resource [spring-mybatis.xml]
[INFO] [2017-02-28 15:41:13][org.springframework.context.support.GenericApplicationContext]Refreshing org.springframework.context.support.GenericApplicationContext@529b2735: startup date [Tue Feb 28 15:41:13 CST 2017]; root of context hierarchy
[DEBUG] [2017-02-28 15:41:13][org.mybatis.spring.mapper.ClassPathMapperScanner]Identified candidate component class: file [E:\Project\MyEclipse Professional 2014\CloudPost2.0\cloundPost Maven Webapp\target\classes\com\cloudPost\dao\KeywordMapper.class]
[DEBUG] [2017-02-28 15:41:13][org.mybatis.spring.mapper.ClassPathMapperScanner]Identified candidate component class: file [E:\Project\MyEclipse Professional 2014\CloudPost2.0\cloundPost Maven Webapp\target\classes\com\cloudPost\dao\LetterMapper.class]
[DEBUG] [2017-02-28 15:41:13][org.mybatis.spring.mapper.ClassPathMapperScanner]Identified candidate component class: file [E:\Project\MyEclipse Professional 2014\CloudPost2.0\cloundPost Maven Webapp\target\classes\com\cloudPost\dao\UserKeywordMapper.class]
[DEBUG] [2017-02-28 15:41:13][org.mybatis.spring.mapper.ClassPathMapperScanner]Identified candidate component class: file [E:\Project\MyEclipse Professional 2014\CloudPost2.0\cloundPost Maven Webapp\target\classes\com\cloudPost\dao\UserLetterMapper.class]
[DEBUG] [2017-02-28 15:41:13][org.mybatis.spring.mapper.ClassPathMapperScanner]Identified candidate component class: file [E:\Project\MyEclipse Professional 2014\CloudPost2.0\cloundPost Maven Webapp\target\classes\com\cloudPost\dao\UserMapper.class]
[DEBUG] [2017-02-28 15:41:13][org.mybatis.spring.mapper.ClassPathMapperScanner]Identified candidate component class: file [E:\Project\MyEclipse Professional 2014\CloudPost2.0\cloundPost Maven Webapp\target\classes\com\cloudPost\dao\UserUserMapper.class]
[DEBUG] [2017-02-28 15:41:13][org.mybatis.spring.mapper.ClassPathMapperScanner]Creating MapperFactoryBean with name 'keywordMapper' and 'com.cloudPost.dao.KeywordMapper' mapperInterface
[DEBUG] [2017-02-28 15:41:13][org.mybatis.spring.mapper.ClassPathMapperScanner]Creating MapperFactoryBean with name 'letterMapper' and 'com.cloudPost.dao.LetterMapper' mapperInterface
[DEBUG] [2017-02-28 15:41:13][org.mybatis.spring.mapper.ClassPathMapperScanner]Creating MapperFactoryBean with name 'userKeywordMapper' and 'com.cloudPost.dao.UserKeywordMapper' mapperInterface
[DEBUG] [2017-02-28 15:41:13][org.mybatis.spring.mapper.ClassPathMapperScanner]Creating MapperFactoryBean with name 'userLetterMapper' and 'com.cloudPost.dao.UserLetterMapper' mapperInterface
[DEBUG] [2017-02-28 15:41:13][org.mybatis.spring.mapper.ClassPathMapperScanner]Creating MapperFactoryBean with name 'userMapper' and 'com.cloudPost.dao.UserMapper' mapperInterface
[DEBUG] [2017-02-28 15:41:13][org.mybatis.spring.mapper.ClassPathMapperScanner]Creating MapperFactoryBean with name 'userUserMapper' and 'com.cloudPost.dao.UserUserMapper' mapperInterface
[INFO] [2017-02-28 15:41:13][org.springframework.beans.factory.config.PropertyPlaceholderConfigurer]Loading properties file from class path resource [jdbc.properties]
[INFO] [2017-02-28 15:41:13][org.springframework.beans.factory.annotation.AutowiredAnnotationBeanPostProcessor]JSR-330 'javax.inject.Inject' annotation found and supported for autowiring
[DEBUG] [2017-02-28 15:41:14][org.mybatis.spring.SqlSessionFactoryBean]Property 'configLocation' not specified, using default MyBatis Configuration
[DEBUG] [2017-02-28 15:41:14][org.mybatis.spring.SqlSessionFactoryBean]Parsed mapper file: 'file [E:\Project\MyEclipse Professional 2014\CloudPost2.0\cloundPost Maven Webapp\target\classes\com\cloudPost\mapping\KeywordMapper.xml]'
[DEBUG] [2017-02-28 15:41:14][org.mybatis.spring.SqlSessionFactoryBean]Parsed mapper file: 'file [E:\Project\MyEclipse Professional 2014\CloudPost2.0\cloundPost Maven Webapp\target\classes\com\cloudPost\mapping\LetterMapper.xml]'
[DEBUG] [2017-02-28 15:41:14][org.mybatis.spring.SqlSessionFactoryBean]Parsed mapper file: 'file [E:\Project\MyEclipse Professional 2014\CloudPost2.0\cloundPost Maven Webapp\target\classes\com\cloudPost\mapping\UserKeywordMapper.xml]'
[DEBUG] [2017-02-28 15:41:14][org.mybatis.spring.SqlSessionFactoryBean]Parsed mapper file: 'file [E:\Project\MyEclipse Professional 2014\CloudPost2.0\cloundPost Maven Webapp\target\classes\com\cloudPost\mapping\UserLetterMapper.xml]'
[DEBUG] [2017-02-28 15:41:14][org.mybatis.spring.SqlSessionFactoryBean]Parsed mapper file: 'file [E:\Project\MyEclipse Professional 2014\CloudPost2.0\cloundPost Maven Webapp\target\classes\com\cloudPost\mapping\UserMapper.xml]'
[DEBUG] [2017-02-28 15:41:14][org.mybatis.spring.SqlSessionFactoryBean]Parsed mapper file: 'file [E:\Project\MyEclipse Professional 2014\CloudPost2.0\cloundPost Maven Webapp\target\classes\com\cloudPost\mapping\UserUserMapper.xml]'
[DEBUG] [2017-02-28 15:41:15][org.mybatis.spring.SqlSessionUtils]Creating a new SqlSession
[DEBUG] [2017-02-28 15:41:15][org.mybatis.spring.SqlSessionUtils]SqlSession [org.apache.ibatis.session.defaults.DefaultSqlSession@772d4c88] was not registered for synchronization because synchronization is not active
[DEBUG] [2017-02-28 15:41:15][org.mybatis.spring.transaction.SpringManagedTransaction]JDBC Connection [jdbc:mysql://localhost:3306/cloudpost, UserName=root@localhost, MySQL Connector Java] will not be managed by Spring
[DEBUG] [2017-02-28 15:41:15][org.mybatis.spring.SqlSessionUtils]Closing non transactional SqlSession [org.apache.ibatis.session.defaults.DefaultSqlSession@772d4c88]
[INFO] [2017-02-28 15:41:16][org.springframework.context.support.GenericApplicationContext]Closing org.springframework.context.support.GenericApplicationContext@529b2735: startup date [Tue Feb 28 15:41:13 CST 2017]; root of context hierarchy
[INFO] [2017-02-28 15:43:18][org.springframework.beans.factory.xml.XmlBeanDefinitionReader]Loading XML bean definitions from class path resource [spring-mybatis.xml]
[INFO] [2017-02-28 15:43:19][org.springframework.context.support.GenericApplicationContext]Refreshing org.springframework.context.support.GenericApplicationContext@529b2735: startup date [Tue Feb 28 15:43:19 CST 2017]; root of context hierarchy
[DEBUG] [2017-02-28 15:43:20][org.mybatis.spring.mapper.ClassPathMapperScanner]Identified candidate component class: file [E:\Project\MyEclipse Professional 2014\CloudPost2.0\cloundPost Maven Webapp\target\classes\com\cloudPost\dao\KeywordMapper.class]
[DEBUG] [2017-02-28 15:43:20][org.mybatis.spring.mapper.ClassPathMapperScanner]Identified candidate component class: file [E:\Project\MyEclipse Professional 2014\CloudPost2.0\cloundPost Maven Webapp\target\classes\com\cloudPost\dao\LetterMapper.class]
[DEBUG] [2017-02-28 15:43:20][org.mybatis.spring.mapper.ClassPathMapperScanner]Identified candidate component class: file [E:\Project\MyEclipse Professional 2014\CloudPost2.0\cloundPost Maven Webapp\target\classes\com\cloudPost\dao\UserKeywordMapper.class]
[DEBUG] [2017-02-28 15:43:20][org.mybatis.spring.mapper.ClassPathMapperScanner]Identified candidate component class: file [E:\Project\MyEclipse Professional 2014\CloudPost2.0\cloundPost Maven Webapp\target\classes\com\cloudPost\dao\UserLetterMapper.class]
[DEBUG] [2017-02-28 15:43:20][org.mybatis.spring.mapper.ClassPathMapperScanner]Identified candidate component class: file [E:\Project\MyEclipse Professional 2014\CloudPost2.0\cloundPost Maven Webapp\target\classes\com\cloudPost\dao\UserMapper.class]
[DEBUG] [2017-02-28 15:43:20][org.mybatis.spring.mapper.ClassPathMapperScanner]Identified candidate component class: file [E:\Project\MyEclipse Professional 2014\CloudPost2.0\cloundPost Maven Webapp\target\classes\com\cloudPost\dao\UserUserMapper.class]
[DEBUG] [2017-02-28 15:43:20][org.mybatis.spring.mapper.ClassPathMapperScanner]Creating MapperFactoryBean with name 'keywordMapper' and 'com.cloudPost.dao.KeywordMapper' mapperInterface
[DEBUG] [2017-02-28 15:43:20][org.mybatis.spring.mapper.ClassPathMapperScanner]Creating MapperFactoryBean with name 'letterMapper' and 'com.cloudPost.dao.LetterMapper' mapperInterface
[DEBUG] [2017-02-28 15:43:20][org.mybatis.spring.mapper.ClassPathMapperScanner]Creating MapperFactoryBean with name 'userKeywordMapper' and 'com.cloudPost.dao.UserKeywordMapper' mapperInterface
[DEBUG] [2017-02-28 15:43:20][org.mybatis.spring.mapper.ClassPathMapperScanner]Creating MapperFactoryBean with name 'userLetterMapper' and 'com.cloudPost.dao.UserLetterMapper' mapperInterface
[DEBUG] [2017-02-28 15:43:20][org.mybatis.spring.mapper.ClassPathMapperScanner]Creating MapperFactoryBean with name 'userMapper' and 'com.cloudPost.dao.UserMapper' mapperInterface
[DEBUG] [2017-02-28 15:43:20][org.mybatis.spring.mapper.ClassPathMapperScanner]Creating MapperFactoryBean with name 'userUserMapper' and 'com.cloudPost.dao.UserUserMapper' mapperInterface
[INFO] [2017-02-28 15:43:20][org.springframework.beans.factory.config.PropertyPlaceholderConfigurer]Loading properties file from class path resource [jdbc.properties]
[INFO] [2017-02-28 15:43:20][org.springframework.beans.factory.annotation.AutowiredAnnotationBeanPostProcessor]JSR-330 'javax.inject.Inject' annotation found and supported for autowiring
[DEBUG] [2017-02-28 15:43:20][org.mybatis.spring.SqlSessionFactoryBean]Property 'configLocation' not specified, using default MyBatis Configuration
[DEBUG] [2017-02-28 15:43:21][org.mybatis.spring.SqlSessionFactoryBean]Parsed mapper file: 'file [E:\Project\MyEclipse Professional 2014\CloudPost2.0\cloundPost Maven Webapp\target\classes\com\cloudPost\mapping\KeywordMapper.xml]'
[DEBUG] [2017-02-28 15:43:21][org.mybatis.spring.SqlSessionFactoryBean]Parsed mapper file: 'file [E:\Project\MyEclipse Professional 2014\CloudPost2.0\cloundPost Maven Webapp\target\classes\com\cloudPost\mapping\LetterMapper.xml]'
[DEBUG] [2017-02-28 15:43:21][org.mybatis.spring.SqlSessionFactoryBean]Parsed mapper file: 'file [E:\Project\MyEclipse Professional 2014\CloudPost2.0\cloundPost Maven Webapp\target\classes\com\cloudPost\mapping\UserKeywordMapper.xml]'
[DEBUG] [2017-02-28 15:43:21][org.mybatis.spring.SqlSessionFactoryBean]Parsed mapper file: 'file [E:\Project\MyEclipse Professional 2014\CloudPost2.0\cloundPost Maven Webapp\target\classes\com\cloudPost\mapping\UserLetterMapper.xml]'
[DEBUG] [2017-02-28 15:43:21][org.mybatis.spring.SqlSessionFactoryBean]Parsed mapper file: 'file [E:\Project\MyEclipse Professional 2014\CloudPost2.0\cloundPost Maven Webapp\target\classes\com\cloudPost\mapping\UserMapper.xml]'
[DEBUG] [2017-02-28 15:43:21][org.mybatis.spring.SqlSessionFactoryBean]Parsed mapper file: 'file [E:\Project\MyEclipse Professional 2014\CloudPost2.0\cloundPost Maven Webapp\target\classes\com\cloudPost\mapping\UserUserMapper.xml]'
[DEBUG] [2017-02-28 15:43:22][org.mybatis.spring.SqlSessionUtils]Creating a new SqlSession
[DEBUG] [2017-02-28 15:43:22][org.mybatis.spring.SqlSessionUtils]SqlSession [org.apache.ibatis.session.defaults.DefaultSqlSession@27f4db04] was not registered for synchronization because synchronization is not active
[DEBUG] [2017-02-28 15:43:23][org.mybatis.spring.transaction.SpringManagedTransaction]JDBC Connection [jdbc:mysql://localhost:3306/cloudpost, UserName=root@localhost, MySQL Connector Java] will not be managed by Spring
[DEBUG] [2017-02-28 15:43:23][org.mybatis.spring.SqlSessionUtils]Closing non transactional SqlSession [org.apache.ibatis.session.defaults.DefaultSqlSession@27f4db04]
[INFO] [2017-02-28 15:43:23][org.springframework.context.support.GenericApplicationContext]Closing org.springframework.context.support.GenericApplicationContext@529b2735: startup date [Tue Feb 28 15:43:19 CST 2017]; root of context hierarchy
